openCV-4.10/samples/mobilenet-objdetect/build/intermediates/manifest_merge_blame_file/debug/manifest-merger-blame-debug-report.txt
1<?xml version="1.0" encoding="utf-8"?>
2<manifest xmlns:android="http://schemas.android.com/apk/res/android"
3    package="org.opencv.samples.opencv_mobilenet"
4    android:versionCode="341"
5    android:versionName="3.41" >
6
7    <uses-sdk
8        android:minSdkVersion="21"
8-->samples\mobilenet-objdetect\AndroidManifest.xml
9        android:targetSdkVersion="31" />
9-->samples\mobilenet-objdetect\AndroidManifest.xml
10
11    <!-- Allow to use a camera -->
12    <uses-permission android:name="android.permission.CAMERA" />
12-->samples\mobilenet-objdetect\AndroidManifest.xml:21:5-64
12-->samples\mobilenet-objdetect\AndroidManifest.xml:21:22-62
13
14    <uses-feature
14-->samples\mobilenet-objdetect\AndroidManifest.xml:22:5-84
15        android:name="android.hardware.camera"
15-->samples\mobilenet-objdetect\AndroidManifest.xml:22:19-57
16        android:required="false" />
16-->samples\mobilenet-objdetect\AndroidManifest.xml:22:58-82
17    <uses-feature
17-->samples\mobilenet-objdetect\AndroidManifest.xml:23:5-94
18        android:name="android.hardware.camera.autofocus"
18-->samples\mobilenet-objdetect\AndroidManifest.xml:23:19-67
19        android:required="false" />
19-->samples\mobilenet-objdetect\AndroidManifest.xml:23:68-92
20    <uses-feature
20-->samples\mobilenet-objdetect\AndroidManifest.xml:24:5-90
21        android:name="android.hardware.camera.front"
21-->samples\mobilenet-objdetect\AndroidManifest.xml:24:19-63
22        android:required="false" />
22-->samples\mobilenet-objdetect\AndroidManifest.xml:24:64-88
23    <uses-feature
23-->samples\mobilenet-objdetect\AndroidManifest.xml:25:5-100
24        android:name="android.hardware.camera.front.autofocus"
24-->samples\mobilenet-objdetect\AndroidManifest.xml:25:19-73
25        android:required="false" />
25-->samples\mobilenet-objdetect\AndroidManifest.xml:25:74-98
26
27    <application
27-->samples\mobilenet-objdetect\AndroidManifest.xml:5:5-18:19
28        android:debuggable="true"
29        android:icon="@drawable/icon"
29-->samples\mobilenet-objdetect\AndroidManifest.xml:7:9-38
30        android:label="@string/app_name"
30-->samples\mobilenet-objdetect\AndroidManifest.xml:6:9-41
31        android:testOnly="true" >
32
33        <!-- //! [mobilenet_tutorial] -->
34        <activity
34-->samples\mobilenet-objdetect\AndroidManifest.xml:9:9-17:20
35            android:name="org.opencv.samples.opencv_mobilenet.MainActivity"
35-->samples\mobilenet-objdetect\AndroidManifest.xml:11:19-47
36            android:exported="true"
36-->samples\mobilenet-objdetect\AndroidManifest.xml:10:19-42
37            android:screenOrientation="landscape" > <!-- Screen orientation -->
37-->samples\mobilenet-objdetect\AndroidManifest.xml:12:19-56
38            <intent-filter>
38-->samples\mobilenet-objdetect\AndroidManifest.xml:13:13-16:29
39                <action android:name="android.intent.action.MAIN" />
39-->samples\mobilenet-objdetect\AndroidManifest.xml:14:17-69
39-->samples\mobilenet-objdetect\AndroidManifest.xml:14:25-66
40
41                <category android:name="android.intent.category.LAUNCHER" />
41-->samples\mobilenet-objdetect\AndroidManifest.xml:15:17-77
41-->samples\mobilenet-objdetect\AndroidManifest.xml:15:27-74
42            </intent-filter>
43        </activity>
44    </application>
45
46</manifest> <!-- //! [mobilenet_tutorial] -->